Сборка начата 4/26/2015 11:42:54 PM.
     1>Проект "C:\git-repos\Metrics\Test1\Test1\Test1.vcxproj" в узле 2 (целевые объекты Build).
     1>ClCompile:
         C:\Program Files (x86)\Microsoft Visual Studio 12.0\VC\bin\CL.exe /c /ZI /nologo /W3 /WX- /sdl /Od /Oy- /D WIN32 /D _DEBUG /D _CONSOLE /D _LIB /D _UNICODE /D UNICODE /Gm /EHsc /RTC1 /MDd /GS /fp:precise /Zc:wchar_t /Zc:forScope /Yu"stdafx.h" /Fp"Debug\Test1.pch" /Fo"Debug\\" /Fd"Debug\vc120.pdb" /Gd /TP /analyze- /errorReport:prompt Test1.cpp
         Test1.cpp
     1>c:\git-repos\metrics\test1\test1\readtxts.h(22): warning C4244: аргумент: преобразование "std::streamoff" в "unsigned int", возможна потеря данных
       Link:
         C:\Program Files (x86)\Microsoft Visual Studio 12.0\VC\bin\link.exe /ERRORREPORT:PROMPT /OUT:"C:\git-repos\Metrics\MetricAnalyzer\Debug\Test1.exe" /INCREMENTAL /NOLOGO MetricAnalyzer.lib kernel32.lib user32.lib gdi32.lib winspool.lib comdlg32.lib advapi32.lib shell32.lib ole32.lib oleaut32.lib uuid.lib odbc32.lib odbccp32.lib /MANIFEST /MANIFESTUAC:"level='asInvoker' uiAccess='false'" /manifest:embed /DEBUG /PDB:"C:\git-repos\Metrics\MetricAnalyzer\Debug\Test1.pdb" /SUBSYSTEM:CONSOLE /TLBID:1 /DYNAMICBASE /NXCOMPAT /IMPLIB:"C:\git-repos\Metrics\MetricAnalyzer\Debug\Test1.lib" /MACHINE:X86 Debug\stdafx.obj
         Debug\Test1.obj
         "C:\git-repos\Metrics\MetricAnalyzer\Debug\MetricAnalyzer.lib"
     1>Test1.obj : error LNK2019: ссылка на неразрешенный внешний символ "public: __thiscall Poem::Poem(class Hlib::CEString,struct Hlib::IParser *)" (??0Poem@@QAE@VCEString@Hlib@@PAUIParser@2@@Z) в функции _wmain
     1>C:\git-repos\Metrics\MetricAnalyzer\Debug\Test1.exe : fatal error LNK1120: неразрешенных внешних элементов: 1
     1>Сборка проекта "C:\git-repos\Metrics\Test1\Test1\Test1.vcxproj" завершена (целевые объекты Build) с ошибкой.

Ошибка сборки.

Затраченное время: 00:00:01.81
