Сборка начата 4/26/2015 10:22:24 PM.
     1>Проект "C:\git-repos\Metrics\Test1\Test1\Test1.vcxproj" в узле 2 (целевые объекты Build).
     1>Link:
         C:\Program Files (x86)\Microsoft Visual Studio 12.0\VC\bin\link.exe /ERRORREPORT:PROMPT /OUT:"C:\git-repos\Metrics\MetricAnalyzer\Release\Test1.exe" /INCREMENTAL:NO /NOLOGO MetricAnalyzer.lib kernel32.lib user32.lib gdi32.lib winspool.lib comdlg32.lib advapi32.lib shell32.lib ole32.lib oleaut32.lib uuid.lib odbc32.lib odbccp32.lib /MANIFEST /MANIFESTUAC:"level='asInvoker' uiAccess='false'" /manifest:embed /DEBUG /PDB:"C:\git-repos\Metrics\MetricAnalyzer\Release\Test1.pdb" /SUBSYSTEM:CONSOLE /OPT:REF /OPT:ICF /LTCG /TLBID:1 /DYNAMICBASE /NXCOMPAT /IMPLIB:"C:\git-repos\Metrics\MetricAnalyzer\Release\Test1.lib" /MACHINE:X86 /SAFESEH Release\stdafx.obj
         Release\Test1.obj
     1>Test1.obj : error LNK2001: неразрешенный внешний символ ""public: __thiscall Poem::Poem(class Hlib::CEString,struct Hlib::IParser *)" (??0Poem@@QAE@VCEString@Hlib@@PAUIParser@2@@Z)"
     1>C:\git-repos\Metrics\MetricAnalyzer\Release\Test1.exe : fatal error LNK1120: неразрешенных внешних элементов: 1
     1>Сборка проекта "C:\git-repos\Metrics\Test1\Test1\Test1.vcxproj" завершена (целевые объекты Build) с ошибкой.

Ошибка сборки.

Затраченное время: 00:00:00.28
